{
  "0 debug pnpm:scope": {
    "selected": 1
  },
  "1 error pnpm": {
    "code": "ELIFECYCLE",
    "errno": "ENOENT",
    "syscall": "spawn",
    "file": "sh",
    "pkgid": "sveltekit-build-problem@0.0.1",
    "stage": "build",
    "script": "svelte-kit build",
    "pkgname": "sveltekit-build-problem",
    "err": {
      "name": "pnpm",
      "message": "sveltekit-build-problem@0.0.1 build: `svelte-kit build`\nspawn ENOENT",
      "code": "ELIFECYCLE",
      "stack": "pnpm: sveltekit-build-problem@0.0.1 build: `svelte-kit build`\nspawn ENOENT\n    at ChildProcess.<anonymous> (/home/u/.nvm/versions/node/v16.6.2/pnpm-global/5/node_modules/.pnpm/pnpm@7.0.0/node_modules/pnpm/dist/pnpm.cjs:93294:22)\n    at ChildProcess.emit (node:events:394:28)\n    at maybeClose (node:internal/child_process:1067:16)\n    at Process.ChildProcess._handle.onexit (node:internal/child_process:301:5)"
    }
  },
  "2 warn pnpm:global": " Local package.json exists, but node_modules missing, did you mean to install?"
}